<?xml version="1.0" encoding="UTF-8"?>
<!-- Generated by org.testng.reporters.JUnitReportReporter -->
<testsuite hostname="DESKTOP-M1P3LTQ" failures="0" tests="1" name="JenkinTestJava.JenkinClass" time="0.089" errors="0" timestamp="2024-09-17T21:51:41 IST" skipped="0">
  <testcase classname="JenkinTestJava.JenkinClass" name="m1" time="0.089"/>
</testsuite> <!-- JenkinTestJava.JenkinClass -->
