<?xml version="1.0" encoding="UTF-8"?>
<!-- Generated by org.testng.reporters.JUnitReportReporter -->
<testsuite hostname="DESKTOP-M1P3LTQ" failures="0" tests="2" name="JenkinTestJava.JenkinClass" time="0.031" errors="0" timestamp="2024-09-18T19:51:29 IST" skipped="0">
  <testcase classname="JenkinTestJava.JenkinClass" name="m1" time="0.024"/>
  <testcase classname="JenkinTestJava.JenkinClass" name="test2" time="0.007"/>
</testsuite> <!-- JenkinTestJava.JenkinClass -->
